<?xml version="1.0" encoding="UTF-8"?>
<!-- Generated by org.testng.reporters.JUnitReportReporter -->
<testsuite hostname="192.168.3.212" failures="0" tests="1" name="com.solvd.AppTest" time="0.004" errors="0" timestamp="2022-04-18T09:54:56 ART" skipped="0">
  <testcase classname="com.solvd.AppTest" name="shouldAnswerWithTrue" time="0.004"/>
  <system-out/>
</testsuite> <!-- com.solvd.AppTest -->
